# JRE version: Java(TM) SE Runtime Environment (8.0_45-b14) (build 1.8.0_45-b14)
# Java VM: Java HotSpot(TM) 64-Bit Server VM (25.45-b02 mixed mode bsd-amd64 compressed oops)
Heap:
 PSYoungGen      total 173056K, used 167387K [0x000000076ab00000, 0x0000000794000000, 0x00000007c0000000)
  eden space 171008K, 96% used [0x000000076ab00000,0x0000000774c98900,0x0000000775200000)
  from space 2048K, 93% used [0x0000000790c80000,0x0000000790e5e530,0x0000000790e80000)
  to   space 27136K, 0% used [0x0000000792580000,0x0000000792580000,0x0000000794000000)
 ParOldGen       total 152064K, used 105045K [0x00000006c0000000, 0x00000006c9480000, 0x000000076ab00000)
  object space 152064K, 69% used [0x00000006c0000000,0x00000006c6695760,0x00000006c9480000)
 Metaspace       used 30335K, capacity 30586K, committed 31024K, reserved 1077248K
  class space    used 3488K, capacity 3568K, committed 3632K, reserved 1048576K
GC Heap History (10 events):
Event: 156.634 GC heap before
{Heap before GC invocations=59 (full 2):
 PSYoungGen      total 204800K, used 204536K [0x000000076ab00000, 0x0000000797700000, 0x00000007c0000000)
  eden space 202752K, 99% used [0x000000076ab00000,0x00000007770f1ae8,0x0000000777100000)
  from space 2048K, 89% used [0x0000000797500000,0x00000007976cc8a0,0x0000000797700000)
  to   space 28672K, 0% used [0x0000000793f00000,0x0000000793f00000,0x0000000795b00000)
 ParOldGen       total 152064K, used 91130K [0x00000006c0000000, 0x00000006c9480000, 0x000000076ab00000)
  object space 152064K, 59% used [0x00000006c0000000,0x00000006c58fe810,0x00000006c9480000)
 Metaspace       used 30099K, capacity 30382K, committed 30768K, reserved 1077248K
  class space    used 3466K, capacity 3566K, committed 3632K, reserved 1048576K
Event: 156.636 GC heap after
Heap after GC invocations=59 (full 2):
 PSYoungGen      total 201216K, used 5272K [0x000000076ab00000, 0x0000000797580000, 0x00000007c0000000)
  eden space 195584K, 0% used [0x000000076ab00000,0x000000076ab00000,0x0000000776a00000)
  from space 5632K, 93% used [0x0000000793f00000,0x0000000794426288,0x0000000794480000)
  to   space 28160K, 0% used [0x0000000795a00000,0x0000000795a00000,0x0000000797580000)
 ParOldGen       total 152064K, used 92692K [0x00000006c0000000, 0x00000006c9480000, 0x000000076ab00000)
  object space 152064K, 60% used [0x00000006c0000000,0x00000006c5a85100,0x00000006c9480000)
 Metaspace       used 30099K, capacity 30382K, committed 30768K, reserved 1077248K
  class space    used 3466K, capacity 3566K, committed 3632K, reserved 1048576K
}
Event: 158.177 GC heap before
{Heap before GC invocations=60 (full 2):
 PSYoungGen      total 201216K, used 200856K [0x000000076ab00000, 0x0000000797580000, 0x00000007c0000000)
  eden space 195584K, 100% used [0x000000076ab00000,0x0000000776a00000,0x0000000776a00000)
  from space 5632K, 93% used [0x0000000793f00000,0x0000000794426288,0x0000000794480000)
  to   space 28160K, 0% used [0x0000000795a00000,0x0000000795a00000,0x0000000797580000)
 ParOldGen       total 152064K, used 92692K [0x00000006c0000000, 0x00000006c9480000, 0x000000076ab00000)
  object space 152064K, 60% used [0x00000006c0000000,0x00000006c5a85100,0x00000006c9480000)
 Metaspace       used 30101K, capacity 30382K, committed 30768K, reserved 1077248K
  class space    used 3466K, capacity 3566K, committed 3632K, reserved 1048576K
Event: 158.182 GC heap after
Heap after GC invocations=60 (full 2):
 PSYoungGen      total 197120K, used 8090K [0x000000076ab00000, 0x0000000796200000, 0x00000007c0000000)
  eden space 188928K, 0% used [0x000000076ab00000,0x000000076ab00000,0x0000000776380000)
  from space 8192K, 98% used [0x0000000795a00000,0x00000007961e68b8,0x0000000796200000)
  to   space 27648K, 0% used [0x0000000792c00000,0x0000000792c00000,0x0000000794700000)
 ParOldGen       total 152064K, used 98369K [0x00000006c0000000, 0x00000006c9480000, 0x000000076ab00000)
  object space 152064K, 64% used [0x00000006c0000000,0x00000006c6010408,0x00000006c9480000)
 Metaspace       used 30101K, capacity 30382K, committed 30768K, reserved 1077248K
  class space    used 3466K, capacity 3566K, committed 3632K, reserved 1048576K
}
Event: 163.270 GC heap before
{Heap before GC invocations=61 (full 2):
 PSYoungGen      total 197120K, used 197018K [0x000000076ab00000, 0x0000000796200000, 0x00000007c0000000)
  eden space 188928K, 100% used [0x000000076ab00000,0x0000000776380000,0x0000000776380000)
  from space 8192K, 98% used [0x0000000795a00000,0x00000007961e68b8,0x0000000796200000)
  to   space 27648K, 0% used [0x0000000792c00000,0x0000000792c00000,0x0000000794700000)
 ParOldGen       total 152064K, used 98369K [0x00000006c0000000, 0x00000006c9480000, 0x000000076ab00000)
  object space 152064K, 64% used [0x00000006c0000000,0x00000006c6010408,0x00000006c9480000)
 Metaspace       used 30102K, capacity 30382K, committed 30768K, reserved 1077248K
  class space    used 3466K, capacity 3566K, committed 3632K, reserved 1048576K
Event: 163.274 GC heap after
Heap after GC invocations=61 (full 2):
 PSYoungGen      total 184832K, used 1710K [0x000000076ab00000, 0x0000000795a80000, 0x00000007c0000000)
  eden space 182784K, 0% used [0x000000076ab00000,0x000000076ab00000,0x0000000775d80000)
  from space 2048K, 83% used [0x0000000792c00000,0x0000000792dabb88,0x0000000792e00000)
  to   space 27648K, 0% used [0x0000000793f80000,0x0000000793f80000,0x0000000795a80000)
 ParOldGen       total 152064K, used 104989K [0x00000006c0000000, 0x00000006c9480000, 0x000000076ab00000)
  object space 152064K, 69% used [0x00000006c0000000,0x00000006c6687760,0x00000006c9480000)
 Metaspace       used 30102K, capacity 30382K, committed 30768K, reserved 1077248K
  class space    used 3466K, capacity 3566K, committed 3632K, reserved 1048576K
}
Event: 164.820 GC heap before
{Heap before GC invocations=62 (full 2):
 PSYoungGen      total 184832K, used 184494K [0x000000076ab00000, 0x0000000795a80000, 0x00000007c0000000)
  eden space 182784K, 100% used [0x000000076ab00000,0x0000000775d80000,0x0000000775d80000)
  from space 2048K, 83% used [0x0000000792c00000,0x0000000792dabb88,0x0000000792e00000)
  to   space 27648K, 0% used [0x0000000793f80000,0x0000000793f80000,0x0000000795a80000)
 ParOldGen       total 152064K, used 104989K [0x00000006c0000000, 0x00000006c9480000, 0x000000076ab00000)
  object space 152064K, 69% used [0x00000006c0000000,0x00000006c6687760,0x00000006c9480000)
 Metaspace       used 30102K, capacity 30382K, committed 30768K, reserved 1077248K
  class space    used 3466K, capacity 3566K, committed 3632K, reserved 1048576K
Event: 164.828 GC heap after
Heap after GC invocations=62 (full 2):
 PSYoungGen      total 178688K, used 1913K [0x000000076ab00000, 0x0000000794180000, 0x00000007c0000000)
  eden space 176640K, 0% used [0x000000076ab00000,0x000000076ab00000,0x0000000775780000)
  from space 2048K, 93% used [0x0000000793f80000,0x000000079415e4d8,0x0000000794180000)
  to   space 27136K, 0% used [0x0000000790c80000,0x0000000790c80000,0x0000000792700000)
 ParOldGen       total 152064K, used 105037K [0x00000006c0000000, 0x00000006c9480000, 0x000000076ab00000)
  object space 152064K, 69% used [0x00000006c0000000,0x00000006c6693760,0x00000006c9480000)
 Metaspace       used 30102K, capacity 30382K, committed 30768K, reserved 1077248K
  class space    used 3466K, capacity 3566K, committed 3632K, reserved 1048576K
}
Event: 249.426 GC heap before
{Heap before GC invocations=63 (full 2):
 PSYoungGen      total 178688K, used 178553K [0x000000076ab00000, 0x0000000794180000, 0x00000007c0000000)
  eden space 176640K, 100% used [0x000000076ab00000,0x0000000775780000,0x0000000775780000)
  from space 2048K, 93% used [0x0000000793f80000,0x000000079415e4d8,0x0000000794180000)
  to   space 27136K, 0% used [0x0000000790c80000,0x0000000790c80000,0x0000000792700000)
 ParOldGen       total 152064K, used 105037K [0x00000006c0000000, 0x00000006c9480000, 0x000000076ab00000)
  object space 152064K, 69% used [0x00000006c0000000,0x00000006c6693760,0x00000006c9480000)
 Metaspace       used 30153K, capacity 30394K, committed 30768K, reserved 1077248K
  class space    used 3469K, capacity 3568K, committed 3632K, reserved 1048576K
Event: 249.427 GC heap after
Heap after GC invocations=63 (full 2):
 PSYoungGen      total 173056K, used 1913K [0x000000076ab00000, 0x0000000794000000, 0x00000007c0000000)
  eden space 171008K, 0% used [0x000000076ab00000,0x000000076ab00000,0x0000000775200000)
  from space 2048K, 93% used [0x0000000790c80000,0x0000000790e5e530,0x0000000790e80000)
  to   space 27136K, 0% used [0x0000000792580000,0x0000000792580000,0x0000000794000000)
 ParOldGen       total 152064K, used 105045K [0x00000006c0000000, 0x00000006c9480000, 0x000000076ab00000)
  object space 152064K, 69% used [0x00000006c0000000,0x00000006c6695760,0x00000006c9480000)
 Metaspace       used 30153K, capacity 30394K, committed 30768K, reserved 1077248K
  class space    used 3469K, capacity 3568K, committed 3632K, reserved 1048576K
}

